\BOOKMARK [0][-]{cover.0}{\376\377\000F\000r\000o\000n\000t}{}% 1
\BOOKMARK [0][-]{acknowl.0}{\376\377\000A\000g\000r\000a\000d\000e\000c\000i\000m\000e\000n\000t\000o\000s}{}% 2
\BOOKMARK [0][-]{abstract1.0}{\376\377\000R\000e\000s\000u\000m\000o}{}% 3
\BOOKMARK [0][-]{abstract2.0}{\376\377\000A\000b\000s\000t\000r\000a\000c\000t}{}% 4
\BOOKMARK [0][-]{toc.0}{\376\377\000\315\000n\000d\000i\000c\000e}{}% 5
\BOOKMARK [0][-]{chapter*.10}{\376\377\000L\000i\000s\000t\000a\000\040\000d\000e\000\040\000F\000i\000g\000u\000r\000a\000s}{}% 6
\BOOKMARK [0][-]{chapter*.11}{\376\377\000L\000i\000s\000t\000a\000\040\000d\000e\000\040\000T\000a\000b\000e\000l\000a\000s}{}% 7
\BOOKMARK [0][-]{chapter*.12}{\376\377\000L\000i\000s\000t\000a\000g\000e\000n\000s}{}% 8
\BOOKMARK [0][-]{section*.13}{\376\377\000G\000l\000o\000s\000s\000\341\000r\000i\000o}{}% 9
\BOOKMARK [0][-]{section*.15}{\376\377\000L\000i\000s\000t\000a\000\040\000d\000e\000\040\000A\000c\000r\000\363\000n\000i\000m\000o\000s}{}% 10
\BOOKMARK [0][-]{section*.17}{\376\377\000L\000i\000s\000t\000a\000\040\000d\000e\000\040\000S\000\355\000m\000b\000o\000l\000o\000s}{}% 11
\BOOKMARK [0][-]{chapter.1}{\376\377\000I\000n\000t\000r\000o\000d\000u\000\347\000\343\000o}{}% 12
\BOOKMARK [1][-]{section.1.1}{\376\377\000E\000n\000q\000u\000a\000d\000r\000a\000m\000e\000n\000t\000o}{chapter.1}% 13
\BOOKMARK [1][-]{section.1.2}{\376\377\000O\000b\000j\000e\000c\000t\000i\000v\000o\000s}{chapter.1}% 14
\BOOKMARK [1][-]{section.1.3}{\376\377\000E\000s\000t\000r\000u\000t\000u\000r\000a\000\040\000d\000o\000\040\000d\000o\000c\000u\000m\000e\000n\000t\000o}{chapter.1}% 15
\BOOKMARK [0][-]{chapter.2}{\376\377\000E\000s\000t\000a\000d\000o\000\040\000d\000a\000\040\000A\000r\000t\000e}{}% 16
\BOOKMARK [1][-]{section.2.1}{\376\377\000T\000r\000a\000n\000s\000f\000o\000r\000m\000a\000\347\000\343\000o\000\040\000d\000i\000g\000i\000t\000a\000l\000\040\000n\000a\000\040\000e\000d\000u\000c\000a\000\347\000\343\000o}{chapter.2}% 17
\BOOKMARK [1][-]{section.2.2}{\376\377\000E\000d\000u\000c\000a\000\347\000\343\000o\000\040\000D\000i\000g\000i\000t\000a\000l\000\040\000e\000m\000\040\000P\000o\000r\000t\000u\000g\000a\000l\000:\000\040\000A\000v\000a\000n\000\347\000o\000s\000\040\000e\000\040\000D\000e\000s\000a\000f\000i\000o\000s}{chapter.2}% 18
\BOOKMARK [1][-]{section.2.3}{\376\377\000e\000L\000e\000a\000r\000n\000i\000n\000g\000\040\000e\000\040\000a\000b\000o\000r\000d\000a\000g\000e\000m\000\040\000S\000T\000E\000M}{chapter.2}% 19
\BOOKMARK [1][-]{section.2.4}{\376\377\000L\000a\000b\000o\000r\000a\000t\000\363\000r\000i\000o\000s\000\040\000n\000a\000\040\000e\000d\000u\000c\000a\000\347\000\343\000o}{chapter.2}% 20
\BOOKMARK [2][-]{subsection.2.4.1}{\376\377\000T\000i\000p\000o\000s\000\040\000d\000e\000\040\000l\000a\000b\000o\000r\000a\000t\000\363\000r\000i\000o\000s}{section.2.4}% 21
\BOOKMARK [3][-]{section*.21}{\376\377\000U\000m\000a\000\040\000q\000u\000e\000s\000t\000\343\000o\000\040\000d\000e\000\040\000c\000o\000n\000c\000e\000i\000t\000o\000s}{subsection.2.4.1}% 22
\BOOKMARK [3][-]{section*.24}{\376\377\000L\000a\000b\000o\000r\000a\000t\000\363\000r\000i\000o\000\040\000r\000e\000a\000l}{subsection.2.4.1}% 23
\BOOKMARK [3][-]{section*.26}{\376\377\000L\000a\000b\000o\000r\000a\000t\000\363\000r\000i\000o\000\040\000v\000i\000r\000t\000u\000a\000l\000\040\000-\000\040\000A\000c\000e\000s\000s\000o\000\040\000l\000o\000c\000a\000l\000\040\000e\000/\000o\000u\000\040\000r\000e\000m\000o\000t\000o}{subsection.2.4.1}% 24
\BOOKMARK [3][-]{section*.30}{\376\377\000L\000a\000b\000o\000r\000a\000t\000\363\000r\000i\000o\000\040\000r\000e\000m\000o\000t\000o}{subsection.2.4.1}% 25
\BOOKMARK [4][-]{section*.37}{\376\377\000V\000I\000S\000I\000R}{section*.30}% 26
\BOOKMARK [4][-]{section*.47}{\376\377\000P\000I\000L\000A\000R}{section*.30}% 27
\BOOKMARK [1][-]{section.2.5}{\376\377\000C\000O\000M\000E\000N\000T\000\301\000R\000I\000O\000\040\000P\000R\000O\000F}{chapter.2}% 28
\BOOKMARK [0][-]{chapter.3}{\376\377\000L\000a\000R\000E\000\040\000-\000\040\000L\000a\000b\000o\000r\