This is pdfTeX, Version 3.141592653-2.6-1.40.26 (TeX Live 2024) (preloaded format=pdflatex 2024.8.11)  28 OCT 2024 14:08
entering extended mode
 restricted \write18 enabled.
 file:line:error style messages enabled.
 %&-line parsing enabled.
**"c:/Users/edumm/OneDrive - Instituto Superior de Engenharia do Porto/ISEP/github/LaRE_LaTeX/main"
(c:/Users/edumm/OneDrive - Instituto Superior de Engenharia do Porto/ISEP/github/LaRE_LaTeX/main.tex
LaTeX2e <2024-06-01> patch level 2
L3 programming layer <2024-05-27>
(./DEEclass.cls
Document Class: DEEclass DEEclass v1.0 DEE@ISEP

! LaTeX Error: File `etoolbox.sty' not found.

Type X to quit or <RETURN> to proceed,
or enter new name. (Default extension: sty)

Enter file name: 
./DEEclass.cls:39: Emergency stop.
<read *> 
         
l.39 \RequirePackage
                    {xparse}^^M
*** (cannot \read from terminal in nonstop modes)

 
Here is how much of TeX's memory you used:
 37 strings out of 475501
 989 string characters out of 5776863
 1925908 words of memory out of 5000000
 22778 multiletter control sequences out of 15000+600000
 558069 words of font info for 36 fonts, out of 8000000 for 9000
 36 hyphenation exceptions out of 8191
 34i,0n,43p,218b,17s stack positions out of 10000i,1000n,20000p,200000b,200000s
./DEEclass.cls:39:  ==> Fatal error occurred, no output PDF file produced!
